<?xml version="1.0" encoding="UTF-8"?>
<!-- Generated by org.testng.reporters.JUnitReportReporter -->
<testsuite hostname="Acer-Laptop" name="test.ValidateLandingPageTitle" tests="1" failures="0" timestamp="29 Jan 2020 02:03:20 GMT" time="0.216" errors="0">
  <testcase name="BasePageNavigation" time="0.216" classname="test.ValidateLandingPageTitle"/>
</testsuite> <!-- test.ValidateLandingPageTitle -->
