<?xml version="1.0" encoding="UTF-8"?>
<!-- Generated by org.testng.reporters.JUnitReportReporter -->
<testsuite hostname="Acer-Laptop" name="test.Home" tests="3" failures="0" timestamp="29 Jan 2020 02:03:20 GMT" time="17.471" errors="0">
  <testcase name="BasePageNavigation" time="4.320" classname="test.Home"/>
  <testcase name="BasePageNavigation" time="8.490" classname="test.Home"/>
  <testcase name="BasePageNavigation" time="4.661" classname="test.Home"/>
</testsuite> <!-- test.Home -->
