<?xml version="1.0" encoding="UTF-8"?>
<!-- Generated by org.testng.reporters.JUnitReportReporter -->
<testsuite hostname="Acer-Laptop" name="test.Home" tests="3" failures="0" timestamp="28 Jan 2020 19:05:10 GMT" time="16.595" errors="0">
  <testcase name="BasePageNavigation" time="4.525" classname="test.Home"/>
  <testcase name="BasePageNavigation" time="4.010" classname="test.Home"/>
  <testcase name="BasePageNavigation" time="8.060" classname="test.Home"/>
</testsuite> <!-- test.Home -->
